# JRE version: OpenJDK Runtime Environment Corretto-11.0.12.7.2 (11.0.12+7) (build 11.0.12+7-LTS)
# Java VM: OpenJDK 64-Bit Server VM Corretto-11.0.12.7.2 (11.0.12+7-LTS, mixed mode, tiered, compressed oops, g1 gc, bsd-amd64)
Heap:
 garbage-first heap   total 262144K, used 32722K [0x0000000700000000, 0x0000000800000000)
  region size 1024K, 11 young (11264K), 6 survivors (6144K)
 Metaspace       used 34562K, capacity 35895K, committed 36144K, reserved 1081344K
  class space    used 4342K, capacity 4902K, committed 4992K, reserved 1048576K
GC Heap History (8 events):
Event: 0.625 GC heap before
{Heap before GC invocations=0 (full 0):
 garbage-first heap   total 262144K, used 23552K [0x0000000700000000, 0x0000000800000000)
  region size 1024K, 24 young (24576K), 0 survivors (0K)
 Metaspace       used 9474K, capacity 9797K, committed 10112K, reserved 1058816K
  class space    used 946K, capacity 1058K, committed 1152K, reserved 1048576K
}
Event: 0.639 GC heap after
{Heap after GC invocations=1 (full 0):
 garbage-first heap   total 262144K, used 1981K [0x0000000700000000, 0x0000000800000000)
  region size 1024K, 2 young (2048K), 2 survivors (2048K)
 Metaspace       used 9474K, capacity 9797K, committed 10112K, reserved 1058816K
  class space    used 946K, capacity 1058K, committed 1152K, reserved 1048576K
}
Event: 1.652 GC heap before
{Heap before GC invocations=1 (full 0):
 garbage-first heap   total 262144K, used 38845K [0x0000000700000000, 0x0000000800000000)
  region size 1024K, 40 young (40960K), 2 survivors (2048K)
 Metaspace       used 20518K, capacity 21090K, committed 21296K, reserved 1069056K
  class space    used 2407K, capacity 2659K, committed 2688K, reserved 1048576K
}
Event: 1.667 GC heap after
{Heap after GC invocations=2 (full 0):
 garbage-first heap   total 262144K, used 8530K [0x0000000700000000, 0x0000000800000000)
  region size 1024K, 9 young (9216K), 9 survivors (9216K)
 Metaspace       used 20518K, capacity 21090K, committed 21296K, reserved 1069056K
  class space    used 2407K, capacity 2659K, committed 2688K, reserved 1048576K
}
Event: 18.292 GC heap before
{Heap before GC invocations=3 (full 0):
 garbage-first heap   total 262144K, used 79186K [0x0000000700000000, 0x0000000800000000)
  region size 1024K, 62 young (63488K), 9 survivors (9216K)
 Metaspace       used 32177K, capacity 33298K, committed 33584K, reserved 1079296K
  class space    used 3940K, capacity 4424K, committed 4480K, reserved 1048576K
}
Event: 18.335 GC heap after
{Heap after GC invocations=4 (full 0):
 garbage-first heap   total 262144K, used 27284K [0x0000000700000000, 0x0000000800000000)
  region size 1024K, 5 young (5120K), 5 survivors (5120K)
 Metaspace       used 32177K, capacity 33298K, committed 33584K, reserved 1079296K
  class space    used 3940K, capacity 4424K, committed 4480K, reserved 1048576K
}
Event: 52.957 GC heap before
{Heap before GC invocations=4 (full 0):
 garbage-first heap   total 262144K, used 71316K [0x0000000700000000, 0x0000000800000000)
  region size 1024K, 49 young (50176K), 5 survivors (5120K)
 Metaspace       used 34476K, capacity 35764K, committed 35888K, reserved 1081344K
  class space    used 4341K, capacity 4902K, committed 4992K, reserved 1048576K
}
Event: 52.972 GC heap after
{Heap after GC invocations=5 (full 0):
 garbage-first heap   total 262144K, used 28626K [0x0000000700000000, 0x0000000800000000)
  region size 1024K, 6 young (6144K), 6 survivors (6144K)
 Metaspace       used 34476K, capacity 35764K, committed 35888K, reserved 1081344K
  class space    used 4341K, capacity 4902K, committed 4992K, reserved 1048576K
}

