# JRE version: OpenJDK Runtime Environment Corretto-11.0.12.7.2 (11.0.12+7) (build 11.0.12+7-LTS)
# Java VM: OpenJDK 64-Bit Server VM Corretto-11.0.12.7.2 (11.0.12+7-LTS, mixed mode, tiered, compressed oops, g1 gc, bsd-amd64)
Heap:
 garbage-first heap   total 262144K, used 98834K [0x0000000700000000, 0x0000000800000000)
  region size 1024K, 54 young (55296K), 9 survivors (9216K)
 Metaspace       used 43078K, capacity 44621K, committed 44752K, reserved 1087488K
  class space    used 5525K, capacity 6161K, committed 6220K, reserved 1048576K
GC Heap History (8 events):
Event: 0.600 GC heap before
{Heap before GC invocations=0 (full 0):
 garbage-first heap   total 262144K, used 23552K [0x0000000700000000, 0x0000000800000000)
  region size 1024K, 24 young (24576K), 0 survivors (0K)
 Metaspace       used 9607K, capacity 9870K, committed 10112K, reserved 1058816K
  class space    used 955K, capacity 1061K, committed 1152K, reserved 1048576K
}
Event: 0.617 GC heap after
{Heap after GC invocations=1 (full 0):
 garbage-first heap   total 262144K, used 1993K [0x0000000700000000, 0x0000000800000000)
  region size 1024K, 2 young (2048K), 2 survivors (2048K)
 Metaspace       used 9607K, capacity 9870K, committed 10112K, reserved 1058816K
  class space    used 955K, capacity 1061K, committed 1152K, reserved 1048576K
}
Event: 1.645 GC heap before
{Heap before GC invocations=1 (full 0):
 garbage-first heap   total 262144K, used 39881K [0x0000000700000000, 0x0000000800000000)
  region size 1024K, 41 young (41984K), 2 survivors (2048K)
 Metaspace       used 20498K, capacity 21090K, committed 21296K, reserved 1069056K
  class space    used 2397K, capacity 2659K, committed 2688K, reserved 1048576K
}
Event: 1.659 GC heap after
{Heap after GC invocations=2 (full 0):
 garbage-first heap   total 262144K, used 8721K [0x0000000700000000, 0x0000000800000000)
  region size 1024K, 9 young (9216K), 9 survivors (9216K)
 Metaspace       used 20498K, capacity 21090K, committed 21296K, reserved 1069056K
  class space    used 2397K, capacity 2659K, committed 2688K, reserved 1048576K
}
Event: 7.490 GC heap before
{Heap before GC invocations=3 (full 0):
 garbage-first heap   total 262144K, used 55825K [0x0000000700000000, 0x0000000800000000)
  region size 1024K, 55 young (56320K), 9 survivors (9216K)
 Metaspace       used 34920K, capacity 35825K, committed 36048K, reserved 1081344K
  class space    used 4263K, capacity 4660K, committed 4684K, reserved 1048576K
}
Event: 7.529 GC heap after
{Heap after GC invocations=4 (full 0):
 garbage-first heap   total 262144K, used 15571K [0x0000000700000000, 0x0000000800000000)
  region size 1024K, 5 young (5120K), 5 survivors (5120K)
 Metaspace       used 34920K, capacity 35825K, committed 36048K, reserved 1081344K
  class space    used 4263K, capacity 4660K, committed 4684K, reserved 1048576K
}
Event: 62.514 GC heap before
{Heap before GC invocations=5 (full 0):
 garbage-first heap   total 262144K, used 117971K [0x0000000700000000, 0x0000000800000000)
  region size 1024K, 67 young (68608K), 5 survivors (5120K)
 Metaspace       used 42453K, capacity 43949K, committed 44240K, reserved 1087488K
  class space    used 5515K, capacity 6152K, committed 6220K, reserved 1048576K
}
Event: 62.530 GC heap after
{Heap after GC invocations=6 (full 0):
 garbage-first heap   total 262144K, used 19986K [0x0000000700000000, 0x0000000800000000)
  region size 1024K, 9 young (9216K), 9 survivors (9216K)
 Metaspace       used 42453K, capacity 43949K, committed 44240K, reserved 1087488K
  class space    used 5515K, capacity 6152K, committed 6220K, reserved 1048576K
}

