# JRE version: OpenJDK Runtime Environment Corretto-11.0.12.7.2 (11.0.12+7) (build 11.0.12+7-LTS)
# Java VM: OpenJDK 64-Bit Server VM Corretto-11.0.12.7.2 (11.0.12+7-LTS, mixed mode, tiered, compressed oops, g1 gc, bsd-amd64)
Heap:
 garbage-first heap   total 262144K, used 34897K [0x0000000700000000, 0x0000000800000000)
  region size 1024K, 13 young (13312K), 4 survivors (4096K)
 Metaspace       used 33935K, capacity 35197K, committed 35504K, reserved 1079296K
  class space    used 4304K, capacity 4844K, committed 4864K, reserved 1048576K
GC Heap History (6 events):
Event: 0.641 GC heap before
{Heap before GC invocations=0 (full 0):
 garbage-first heap   total 262144K, used 23552K [0x0000000700000000, 0x0000000800000000)
  region size 1024K, 24 young (24576K), 0 survivors (0K)
 Metaspace       used 9604K, capacity 9879K, committed 10112K, reserved 1058816K
  class space    used 956K, capacity 1064K, committed 1152K, reserved 1048576K
}
Event: 0.648 GC heap after
{Heap after GC invocations=1 (full 0):
 garbage-first heap   total 262144K, used 1986K [0x0000000700000000, 0x0000000800000000)
  region size 1024K, 2 young (2048K), 2 survivors (2048K)
 Metaspace       used 9604K, capacity 9879K, committed 10112K, reserved 1058816K
  class space    used 956K, capacity 1064K, committed 1152K, reserved 1048576K
}
Event: 1.590 GC heap before
{Heap before GC invocations=1 (full 0):
 garbage-first heap   total 262144K, used 38850K [0x0000000700000000, 0x0000000800000000)
  region size 1024K, 40 young (40960K), 2 survivors (2048K)
 Metaspace       used 20507K, capacity 21090K, committed 21296K, reserved 1069056K
  class space    used 2401K, capacity 2659K, committed 2688K, reserved 1048576K
}
Event: 1.604 GC heap after
{Heap after GC invocations=2 (full 0):
 garbage-first heap   total 262144K, used 8288K [0x0000000700000000, 0x0000000800000000)
  region size 1024K, 9 young (9216K), 9 survivors (9216K)
 Metaspace       used 20507K, capacity 21090K, committed 21296K, reserved 1069056K
  class space    used 2401K, capacity 2659K, committed 2688K, reserved 1048576K
}
Event: 88.860 GC heap before
{Heap before GC invocations=3 (full 0):
 garbage-first heap   total 262144K, used 78944K [0x0000000700000000, 0x0000000800000000)
  region size 1024K, 62 young (63488K), 9 survivors (9216K)
 Metaspace       used 33608K, capacity 34931K, committed 35248K, reserved 1079296K
  class space    used 4302K, capacity 4844K, committed 4864K, reserved 1048576K
}
Event: 88.914 GC heap after
{Heap after GC invocations=4 (full 0):
 garbage-first heap   total 262144K, used 26705K [0x0000000700000000, 0x0000000800000000)
  region size 1024K, 4 young (4096K), 4 survivors (4096K)
 Metaspace       used 33608K, capacity 34931K, committed 35248K, reserved 1079296K
  class space    used 4302K, capacity 4844K, committed 4864K, reserved 1048576K
}

