# JRE version: OpenJDK Runtime Environment Corretto-11.0.12.7.2 (11.0.12+7) (build 11.0.12+7-LTS)
# Java VM: OpenJDK 64-Bit Server VM Corretto-11.0.12.7.2 (11.0.12+7-LTS, mixed mode, tiered, compressed oops, g1 gc, bsd-amd64)
Heap:
 garbage-first heap   total 81920K, used 21351K [0x0000000700000000, 0x0000000800000000)
  region size 1024K, 1 young (1024K), 0 survivors (0K)
 Metaspace       used 41107K, capacity 42389K, committed 42672K, reserved 1085440K
  class space    used 5237K, capacity 5803K, committed 5888K, reserved 1048576K
GC Heap History (10 events):
Event: 0.605 GC heap before
{Heap before GC invocations=0 (full 0):
 garbage-first heap   total 262144K, used 23552K [0x0000000700000000, 0x0000000800000000)
  region size 1024K, 24 young (24576K), 0 survivors (0K)
 Metaspace       used 9589K, capacity 9870K, committed 10112K, reserved 1058816K
  class space    used 954K, capacity 1061K, committed 1152K, reserved 1048576K
}
Event: 0.612 GC heap after
{Heap after GC invocations=1 (full 0):
 garbage-first heap   total 262144K, used 2005K [0x0000000700000000, 0x0000000800000000)
  region size 1024K, 2 young (2048K), 2 survivors (2048K)
 Metaspace       used 9589K, capacity 9870K, committed 10112K, reserved 1058816K
  class space    used 954K, capacity 1061K, committed 1152K, reserved 1048576K
}
Event: 1.679 GC heap before
{Heap before GC invocations=1 (full 0):
 garbage-first heap   total 262144K, used 38869K [0x0000000700000000, 0x0000000800000000)
  region size 1024K, 40 young (40960K), 2 survivors (2048K)
 Metaspace       used 20526K, capacity 21090K, committed 21296K, reserved 1069056K
  class space    used 2411K, capacity 2659K, committed 2688K, reserved 1048576K
}
Event: 1.694 GC heap after
{Heap after GC invocations=2 (full 0):
 garbage-first heap   total 262144K, used 8766K [0x0000000700000000, 0x0000000800000000)
  region size 1024K, 9 young (9216K), 9 survivors (9216K)
 Metaspace       used 20526K, capacity 21090K, committed 21296K, reserved 1069056K
  class space    used 2411K, capacity 2659K, committed 2688K, reserved 1048576K
}
Event: 8.787 GC heap before
{Heap before GC invocations=3 (full 0):
 garbage-first heap   total 262144K, used 55870K [0x0000000700000000, 0x0000000800000000)
  region size 1024K, 55 young (56320K), 9 survivors (9216K)
 Metaspace       used 34678K, capacity 35601K, committed 35888K, reserved 1081344K
  class space    used 4229K, capacity 4628K, committed 4736K, reserved 1048576K
}
Event: 8.819 GC heap after
{Heap after GC invocations=4 (full 0):
 garbage-first heap   total 262144K, used 15294K [0x0000000700000000, 0x0000000800000000)
  region size 1024K, 5 young (5120K), 5 survivors (5120K)
 Metaspace       used 34678K, capacity 35601K, committed 35888K, reserved 1081344K
  class space    used 4229K, capacity 4628K, committed 4736K, reserved 1048576K
}
Event: 14.047 GC heap before
{Heap before GC invocations=5 (full 0):
 garbage-first heap   total 262144K, used 72638K [0x0000000700000000, 0x0000000800000000)
  region size 1024K, 51 young (52224K), 5 survivors (5120K)
 Metaspace       used 41087K, capacity 42386K, committed 42672K, reserved 1085440K
  class space    used 5235K, capacity 5802K, committed 5888K, reserved 1048576K
}
Event: 14.104 GC heap after
{Heap after GC invocations=6 (full 1):
 garbage-first heap   total 86016K, used 21495K [0x0000000700000000, 0x0000000800000000)
  region size 1024K, 0 young (0K), 0 survivors (0K)
 Metaspace       used 41087K, capacity 42386K, committed 42672K, reserved 1085440K
  class space    used 5235K, capacity 5802K, committed 5888K, reserved 1048576K
}
Event: 14.139 GC heap before
{Heap before GC invocations=6 (full 1):
 garbage-first heap   total 86016K, used 21495K [0x0000000700000000, 0x0000000800000000)
  region size 1024K, 1 young (1024K), 0 survivors (0K)
 Metaspace       used 41088K, capacity 42389K, committed 42672K, reserved 1085440K
  class space    used 5235K, capacity 5803K, committed 5888K, reserved 1048576K
}
Event: 14.161 GC heap after
{Heap after GC invocations=7 (full 2):
 garbage-first heap   total 81920K, used 21351K [0x0000000700000000, 0x0000000800000000)
  region size 1024K, 0 young (0K), 0 survivors (0K)
 Metaspace       used 41088K, capacity 42389K, committed 42672K, reserved 1085440K
  class space    used 5235K, capacity 5803K, committed 5888K, reserved 1048576K
}

